running egg_info
creating ../../build/signalPackage/signalPackage.egg-info
writing ../../build/signalPackage/signalPackage.egg-info/PKG-INFO
writing dependency_links to ../../build/signalPackage/signalPackage.egg-info/dependency_links.txt
writing entry points to ../../build/signalPackage/signalPackage.egg-info/entry_points.txt
writing requirements to ../../build/signalPackage/signalPackage.egg-info/requires.txt
writing top-level names to ../../build/signalPackage/signalPackage.egg-info/top_level.txt
writing manifest file '../../build/signalPackage/signalPackage.egg-info/SOURCES.txt'
reading manifest file '../../build/signalPackage/signalPackage.egg-info/SOURCES.txt'
adding license file 'LICENSE'
writing manifest file '../../build/signalPackage/signalPackage.egg-info/SOURCES.txt'
running build
running build_py
creating /home/marcel/studies/2_sem_mgr/RPE_lab/EX4/ros2_ws/build/signalPackage/build
creating /home/marcel/studies/2_sem_mgr/RPE_lab/EX4/ros2_ws/build/signalPackage/build/lib
creating /home/marcel/studies/2_sem_mgr/RPE_lab/EX4/ros2_ws/build/signalPackage/build/lib/signalPackage
copying signalPackage/__init__.py -> /home/marcel/studies/2_sem_mgr/RPE_lab/EX4/ros2_ws/build/signalPackage/build/lib/signalPackage
running install
running install_lib
creating /home/marcel/studies/2_sem_mgr/RPE_lab/EX4/ros2_ws/install/signalPackage/lib/python3.10/site-packages/signalPackage
copying /home/marcel/studies/2_sem_mgr/RPE_lab/EX4/ros2_ws/build/signalPackage/build/lib/signalPackage/__init__.py -> /home/marcel/studies/2_sem_mgr/RPE_lab/EX4/ros2_ws/install/signalPackage/lib/python3.10/site-packages/signalPackage
byte-compiling /home/marcel/studies/2_sem_mgr/RPE_lab/EX4/ros2_ws/install/signalPackage/lib/python3.10/site-packages/signalPackage/__init__.py to __init__.cpython-310.pyc
running install_data
creating /home/marcel/studies/2_sem_mgr/RPE_lab/EX4/ros2_ws/install/signalPackage/share/ament_index
creating /home/marcel/studies/2_sem_mgr/RPE_lab/EX4/ros2_ws/install/signalPackage/share/ament_index/resource_index
creating /home/marcel/studies/2_sem_mgr/RPE_lab/EX4/ros2_ws/install/signalPackage/share/ament_index/resource_index/packages
copying resource/signalPackage -> /home/marcel/studies/2_sem_mgr/RPE_lab/EX4/ros2_ws/install/signalPackage/share/ament_index/resource_index/packages
copying package.xml -> /home/marcel/studies/2_sem_mgr/RPE_lab/EX4/ros2_ws/install/signalPackage/share/signalPackage
running install_egg_info
Copying ../../build/signalPackage/signalPackage.egg-info to /home/marcel/studies/2_sem_mgr/RPE_lab/EX4/ros2_ws/install/signalPackage/lib/python3.10/site-packages/signalPackage-0.0.0-py3.10.egg-info
running install_scripts
writing list of installed files to '/home/marcel/studies/2_sem_mgr/RPE_lab/EX4/ros2_ws/build/signalPackage/install.log'
