[0.294s] Invoking command in '/home/marcel/studies/2_sem_mgr/RPE_lab/EX4/ros2_ws/src/signalPackage': PYTHONPATH=/home/marcel/studies/2_sem_mgr/RPE_lab/EX4/ros2_ws/build/signalPackage/prefix_override:/usr/lib/python3/dist-packages/colcon_core/task/python/colcon_distutils_commands:/home/marcel/studies/2_sem_mgr/RPE_lab/EX4/ros2_ws/install/signalPackage/lib/python3.10/site-packages:${PYTHONPATH} /usr/bin/python3 -W ignore:setup.py install is deprecated setup.py egg_info --egg-base ../../build/signalPackage build --build-base /home/marcel/studies/2_sem_mgr/RPE_lab/EX4/ros2_ws/build/signalPackage/build install --record /home/marcel/studies/2_sem_mgr/RPE_lab/EX4/ros2_ws/build/signalPackage/install.log --single-version-externally-managed install_data
[0.409s] running egg_info
[0.409s] creating ../../build/signalPackage/signalPackage.egg-info
[0.409s] writing ../../build/signalPackage/signalPackage.egg-info/PKG-INFO
[0.409s] writing dependency_links to ../../build/signalPackage/signalPackage.egg-info/dependency_links.txt
[0.409s] writing entry points to ../../build/signalPackage/signalPackage.egg-info/entry_points.txt
[0.409s] writing requirements to ../../build/signalPackage/signalPackage.egg-info/requires.txt
[0.409s] writing top-level names to ../../build/signalPackage/signalPackage.egg-info/top_level.txt
[0.409s] writing manifest file '../../build/signalPackage/signalPackage.egg-info/SOURCES.txt'
[0.410s] reading manifest file '../../build/signalPackage/signalPackage.egg-info/SOURCES.txt'
[0.410s] adding license file 'LICENSE'
[0.411s] writing manifest file '../../build/signalPackage/signalPackage.egg-info/SOURCES.txt'
[0.411s] running build
[0.411s] running build_py
[0.411s] creating /home/marcel/studies/2_sem_mgr/RPE_lab/EX4/ros2_ws/build/signalPackage/build
[0.411s] creating /home/marcel/studies/2_sem_mgr/RPE_lab/EX4/ros2_ws/build/signalPackage/build/lib
[0.411s] creating /home/marcel/studies/2_sem_mgr/RPE_lab/EX4/ros2_ws/build/signalPackage/build/lib/signalPackage
[0.411s] copying signalPackage/__init__.py -> /home/marcel/studies/2_sem_mgr/RPE_lab/EX4/ros2_ws/build/signalPackage/build/lib/signalPackage
[0.411s] running install
[0.411s] running install_lib
[0.412s] creating /home/marcel/studies/2_sem_mgr/RPE_lab/EX4/ros2_ws/install/signalPackage/lib/python3.10/site-packages/signalPackage
[0.412s] copying /home/marcel/studies/2_sem_mgr/RPE_lab/EX4/ros2_ws/build/signalPackage/build/lib/signalPackage/__init__.py -> /home/marcel/studies/2_sem_mgr/RPE_lab/EX4/ros2_ws/install/signalPackage/lib/python3.10/site-packages/signalPackage
[0.412s] byte-compiling /home/marcel/studies/2_sem_mgr/RPE_lab/EX4/ros2_ws/install/signalPackage/lib/python3.10/site-packages/signalPackage/__init__.py to __init__.cpython-310.pyc
[0.412s] running install_data
[0.412s] creating /home/marcel/studies/2_sem_mgr/RPE_lab/EX4/ros2_ws/install/signalPackage/share/ament_index
[0.412s] creating /home/marcel/studies/2_sem_mgr/RPE_lab/EX4/ros2_ws/install/signalPackage/share/ament_index/resource_index
[0.412s] creating /home/marcel/studies/2_sem_mgr/RPE_lab/EX4/ros2_ws/install/signalPackage/share/ament_index/resource_index/packages
[0.412s] copying resource/signalPackage -> /home/marcel/studies/2_sem_mgr/RPE_lab/EX4/ros2_ws/install/signalPackage/share/ament_index/resource_index/packages
[0.412s] copying package.xml -> /home/marcel/studies/2_sem_mgr/RPE_lab/EX4/ros2_ws/install/signalPackage/share/signalPackage
[0.412s] running install_egg_info
[0.413s] Copying ../../build/signalPackage/signalPackage.egg-info to /home/marcel/studies/2_sem_mgr/RPE_lab/EX4/ros2_ws/install/signalPackage/lib/python3.10/site-packages/signalPackage-0.0.0-py3.10.egg-info
[0.414s] running install_scripts
[0.425s] writing list of installed files to '/home/marcel/studies/2_sem_mgr/RPE_lab/EX4/ros2_ws/build/signalPackage/install.log'
[0.435s] Invoked command in '/home/marcel/studies/2_sem_mgr/RPE_lab/EX4/ros2_ws/src/signalPackage' returned '0': PYTHONPATH=/home/marcel/studies/2_sem_mgr/RPE_lab/EX4/ros2_ws/build/signalPackage/prefix_override:/usr/lib/python3/dist-packages/colcon_core/task/python/colcon_distutils_commands:/home/marcel/studies/2_sem_mgr/RPE_lab/EX4/ros2_ws/install/signalPackage/lib/python3.10/site-packages:${PYTHONPATH} /usr/bin/python3 -W ignore:setup.py install is deprecated setup.py egg_info --egg-base ../../build/signalPackage build --build-base /home/marcel/studies/2_sem_mgr/RPE_lab/EX4/ros2_ws/build/signalPackage/build install --record /home/marcel/studies/2_sem_mgr/RPE_lab/EX4/ros2_ws/build/signalPackage/install.log --single-version-externally-managed install_data
