[0.309s] Invoking command in '/home/marcel/studies/2_sem_mgr/RPE_lab/EX4/ros2_ws/src/signalPackage': PYTHONPATH=/home/marcel/studies/2_sem_mgr/RPE_lab/EX4/ros2_ws/build/signalPackage/prefix_override:/usr/lib/python3/dist-packages/colcon_core/task/python/colcon_distutils_commands:/home/marcel/studies/2_sem_mgr/RPE_lab/EX4/ros2_ws/install/signalPackage/lib/python3.10/site-packages:${PYTHONPATH} /usr/bin/python3 -W ignore:setup.py install is deprecated setup.py egg_info --egg-base ../../build/signalPackage build --build-base /home/marcel/studies/2_sem_mgr/RPE_lab/EX4/ros2_ws/build/signalPackage/build install --record /home/marcel/studies/2_sem_mgr/RPE_lab/EX4/ros2_ws/build/signalPackage/install.log --single-version-externally-managed install_data
[0.426s] running egg_info
[0.426s] writing ../../build/signalPackage/signalPackage.egg-info/PKG-INFO
[0.426s] writing dependency_links to ../../build/signalPackage/signalPackage.egg-info/dependency_links.txt
[0.426s] writing entry points to ../../build/signalPackage/signalPackage.egg-info/entry_points.txt
[0.426s] writing requirements to ../../build/signalPackage/signalPackage.egg-info/requires.txt
[0.426s] writing top-level names to ../../build/signalPackage/signalPackage.egg-info/top_level.txt
[0.427s] reading manifest file '../../build/signalPackage/signalPackage.egg-info/SOURCES.txt'
[0.432s] adding license file 'LICENSE'
[0.433s] writing manifest file '../../build/signalPackage/signalPackage.egg-info/SOURCES.txt'
[0.433s] running build
[0.433s] running build_py
[0.433s] copying signalPackage/signal_modifier.py -> /home/marcel/studies/2_sem_mgr/RPE_lab/EX4/ros2_ws/build/signalPackage/build/lib/signalPackage
[0.433s] running install
[0.433s] running install_lib
[0.434s] copying /home/marcel/studies/2_sem_mgr/RPE_lab/EX4/ros2_ws/build/signalPackage/build/lib/signalPackage/signal_modifier.py -> /home/marcel/studies/2_sem_mgr/RPE_lab/EX4/ros2_ws/install/signalPackage/lib/python3.10/site-packages/signalPackage
[0.434s] byte-compiling /home/marcel/studies/2_sem_mgr/RPE_lab/EX4/ros2_ws/install/signalPackage/lib/python3.10/site-packages/signalPackage/signal_modifier.py to signal_modifier.cpython-310.pyc
[0.434s] running install_data
[0.434s] running install_egg_info
[0.435s] removing '/home/marcel/studies/2_sem_mgr/RPE_lab/EX4/ros2_ws/install/signalPackage/lib/python3.10/site-packages/signalPackage-0.0.0-py3.10.egg-info' (and everything under it)
[0.435s] Copying ../../build/signalPackage/signalPackage.egg-info to /home/marcel/studies/2_sem_mgr/RPE_lab/EX4/ros2_ws/install/signalPackage/lib/python3.10/site-packages/signalPackage-0.0.0-py3.10.egg-info
[0.436s] running install_scripts
[0.448s] Installing generator_node script to /home/marcel/studies/2_sem_mgr/RPE_lab/EX4/ros2_ws/install/signalPackage/lib/signalPackage
[0.448s] Installing modifier_node script to /home/marcel/studies/2_sem_mgr/RPE_lab/EX4/ros2_ws/install/signalPackage/lib/signalPackage
[0.448s] Installing viewer_node script to /home/marcel/studies/2_sem_mgr/RPE_lab/EX4/ros2_ws/install/signalPackage/lib/signalPackage
[0.448s] writing list of installed files to '/home/marcel/studies/2_sem_mgr/RPE_lab/EX4/ros2_ws/build/signalPackage/install.log'
[0.459s] Invoked command in '/home/marcel/studies/2_sem_mgr/RPE_lab/EX4/ros2_ws/src/signalPackage' returned '0': PYTHONPATH=/home/marcel/studies/2_sem_mgr/RPE_lab/EX4/ros2_ws/build/signalPackage/prefix_override:/usr/lib/python3/dist-packages/colcon_core/task/python/colcon_distutils_commands:/home/marcel/studies/2_sem_mgr/RPE_lab/EX4/ros2_ws/install/signalPackage/lib/python3.10/site-packages:${PYTHONPATH} /usr/bin/python3 -W ignore:setup.py install is deprecated setup.py egg_info --egg-base ../../build/signalPackage build --build-base /home/marcel/studies/2_sem_mgr/RPE_lab/EX4/ros2_ws/build/signalPackage/build install --record /home/marcel/studies/2_sem_mgr/RPE_lab/EX4/ros2_ws/build/signalPackage/install.log --single-version-externally-managed install_data
