[0.011s] Invoking command in '/home/marcel/studies/2_sem_mgr/RPE_lab/EX4/ros2_ws/build/signalPackage': /usr/bin/cmake /home/marcel/studies/2_sem_mgr/RPE_lab/EX4/ros2_ws/src -DCMAKE_INSTALL_PREFIX=/home/marcel/studies/2_sem_mgr/RPE_lab/EX4/ros2_ws/install/signalPackage
[0.080s] -- The C compiler identification is GNU 11.4.0
[0.129s] -- The CXX compiler identification is GNU 11.4.0
[0.136s] -- Detecting C compiler ABI info
[0.182s] -- Detecting C compiler ABI info - done
[0.186s] -- Check for working C compiler: /usr/bin/cc - skipped
[0.187s] -- Detecting C compile features
[0.187s] -- Detecting C compile features - done
[0.189s] -- Detecting CXX compiler ABI info
[0.240s] -- Detecting CXX compiler ABI info - done
[0.244s] -- Check for working CXX compiler: /usr/bin/c++ - skipped
[0.244s] -- Detecting CXX compile features
[0.244s] -- Detecting CXX compile features - done
[0.247s] -- Found ament_cmake: 1.3.10 (/opt/ros/humble/share/ament_cmake/cmake)
[0.340s] -- Found Python3: /usr/bin/python3 (found version "3.10.12") found components: Interpreter 
[0.397s] -- Found ament_lint_auto: 0.12.11 (/opt/ros/humble/share/ament_lint_auto/cmake)
[0.398s] [0mCMake Error: File /home/marcel/studies/2_sem_mgr/RPE_lab/EX4/ros2_ws/src/package.xml does not exist.[0m
[0.398s] [31mCMake Error at /opt/ros/humble/share/ament_cmake_core/cmake/core/stamp.cmake:24 (configure_file):
[0.398s]   configure_file Problem configuring file
[0.398s] Call Stack (most recent call first):
[0.398s]   /opt/ros/humble/share/ament_cmake_core/cmake/core/ament_package_xml.cmake:73 (stamp)
[0.398s]   /opt/ros/humble/share/ament_cmake_core/cmake/core/ament_package_xml.cmake:49 (_ament_package_xml)
[0.398s]   /opt/ros/humble/share/ament_lint_auto/cmake/ament_lint_auto_find_test_dependencies.cmake:31 (ament_package_xml)
[0.398s]   CMakeLists.txt:23 (ament_lint_auto_find_test_dependencies)
[0.398s] 
[0.398s] [0m
[0.398s] [0mCMake Error: File /home/marcel/studies/2_sem_mgr/RPE_lab/EX4/ros2_ws/src/package.xml does not exist.[0m
[0.398s] [31mCMake Error at /opt/ros/humble/share/ament_cmake_core/cmake/core/stamp.cmake:24 (configure_file):
[0.398s]   configure_file Problem configuring file
[0.398s] Call Stack (most recent call first):
[0.398s]   /opt/ros/humble/share/ament_cmake_core/cmake/core/ament_package_xml.cmake:73 (stamp)
[0.398s]   /opt/ros/humble/share/ament_cmake_core/cmake/core/ament_package_xml.cmake:49 (_ament_package_xml)
[0.398s]   /opt/ros/humble/share/ament_cmake_core/cmake/core/ament_package.cmake:63 (ament_package_xml)
[0.398s]   CMakeLists.txt:26 (ament_package)
[0.398s] 
[0.398s] [0m
[0.401s] -- Configuring incomplete, errors occurred!
[0.401s] See also "/home/marcel/studies/2_sem_mgr/RPE_lab/EX4/ros2_ws/build/signalPackage/CMakeFiles/CMakeOutput.log".
[0.404s] Invoked command in '/home/marcel/studies/2_sem_mgr/RPE_lab/EX4/ros2_ws/build/signalPackage' returned '1': /usr/bin/cmake /home/marcel/studies/2_sem_mgr/RPE_lab/EX4/ros2_ws/src -DCMAKE_INSTALL_PREFIX=/home/marcel/studies/2_sem_mgr/RPE_lab/EX4/ros2_ws/install/signalPackage
