/home/marcel/studies/2_sem_mgr/RPE_lab/EX4/ros2_ws/install/signalPackage/lib/python3.10/site-packages/signalPackage/signal_generator.py
/home/marcel/studies/2_sem_mgr/RPE_lab/EX4/ros2_ws/install/signalPackage/lib/python3.10/site-packages/signalPackage/signal_viewer.py
/home/marcel/studies/2_sem_mgr/RPE_lab/EX4/ros2_ws/install/signalPackage/lib/python3.10/site-packages/signalPackage/__init__.py
/home/marcel/studies/2_sem_mgr/RPE_lab/EX4/ros2_ws/install/signalPackage/lib/python3.10/site-packages/signalPackage/signal_modifier.py
/home/marcel/studies/2_sem_mgr/RPE_lab/EX4/ros2_ws/install/signalPackage/lib/python3.10/site-packages/signalPackage/__pycache__/signal_generator.cpython-310.pyc
/home/marcel/studies/2_sem_mgr/RPE_lab/EX4/ros2_ws/install/signalPackage/lib/python3.10/site-packages/signalPackage/__pycache__/signal_viewer.cpython-310.pyc
/home/marcel/studies/2_sem_mgr/RPE_lab/EX4/ros2_ws/install/signalPackage/lib/python3.10/site-packages/signalPackage/__pycache__/__init__.cpython-310.pyc
/home/marcel/studies/2_sem_mgr/RPE_lab/EX4/ros2_ws/install/signalPackage/lib/python3.10/site-packages/signalPackage/__pycache__/signal_modifier.cpython-310.pyc
/home/marcel/studies/2_sem_mgr/RPE_lab/EX4/ros2_ws/install/signalPackage/share/ament_index/resource_index/packages/signalPackage
/home/marcel/studies/2_sem_mgr/RPE_lab/EX4/ros2_ws/install/signalPackage/share/signalPackage/package.xml
/home/marcel/studies/2_sem_mgr/RPE_lab/EX4/ros2_ws/install/signalPackage/share/signalPackage/launch/signalPackage_launch.py
/home/marcel/studies/2_sem_mgr/RPE_lab/EX4/ros2_ws/install/signalPackage/lib/python3.10/site-packages/signalPackage-0.0.0-py3.10.egg-info/top_level.txt
/home/marcel/studies/2_sem_mgr/RPE_lab/EX4/ros2_ws/install/signalPackage/lib/python3.10/site-packages/signalPackage-0.0.0-py3.10.egg-info/requires.txt
/home/marcel/studies/2_sem_mgr/RPE_lab/EX4/ros2_ws/install/signalPackage/lib/python3.10/site-packages/signalPackage-0.0.0-py3.10.egg-info/PKG-INFO
/home/marcel/studies/2_sem_mgr/RPE_lab/EX4/ros2_ws/install/signalPackage/lib/python3.10/site-packages/signalPackage-0.0.0-py3.10.egg-info/dependency_links.txt
/home/marcel/studies/2_sem_mgr/RPE_lab/EX4/ros2_ws/install/signalPackage/lib/python3.10/site-packages/signalPackage-0.0.0-py3.10.egg-info/entry_points.txt
/home/marcel/studies/2_sem_mgr/RPE_lab/EX4/ros2_ws/install/signalPackage/lib/python3.10/site-packages/signalPackage-0.0.0-py3.10.egg-info/SOURCES.txt
/home/marcel/studies/2_sem_mgr/RPE_lab/EX4/ros2_ws/install/signalPackage/lib/python3.10/site-packages/signalPackage-0.0.0-py3.10.egg-info/zip-safe
/home/marcel/studies/2_sem_mgr/RPE_lab/EX4/ros2_ws/install/signalPackage/lib/signalPackage/generator_node
/home/marcel/studies/2_sem_mgr/RPE_lab/EX4/ros2_ws/install/signalPackage/lib/signalPackage/modifier_node
/home/marcel/studies/2_sem_mgr/RPE_lab/EX4/ros2_ws/install/signalPackage/lib/signalPackage/viewer_node
